# JRE version: OpenJDK Runtime Environment Temurin-17.0.4.1+1 (17.0.4.1+1) (build 17.0.4.1+1)
# Java VM: OpenJDK 64-Bit Server VM Temurin-17.0.4.1+1 (17.0.4.1+1, mixed mode, tiered, compressed oops, compressed class ptrs, parallel gc, windows-amd64)
GC Precious Log:
 CPUs: 12 total, 12 available
 Memory: 15712M
 Large Page Support: Disabled
 NUMA Support: Disabled
 Compressed Oops: Enabled (32-bit)
 Alignments: Space 512K, Generation 512K, Heap 2M
 Heap Min Capacity: 100M
 Heap Initial Capacity: 100M
 Heap Max Capacity: 1G
 Pre-touch: Disabled
 Parallel Workers: 10
Heap:
 PSYoungGen      total 15872K, used 4781K [0x00000000eab00000, 0x00000000ebd80000, 0x0000000100000000)
  eden space 12800K, 37% used [0x00000000eab00000,0x00000000eafab5a0,0x00000000eb780000)
  from space 3072K, 0% used [0x00000000eb780000,0x00000000eb780000,0x00000000eba80000)
  to   space 3072K, 0% used [0x00000000eba80000,0x00000000eba80000,0x00000000ebd80000)
 ParOldGen       total 76288K, used 49466K [0x00000000c0000000, 0x00000000c4a80000, 0x00000000eab00000)
  object space 76288K, 64% used [0x00000000c0000000,0x00000000c304ebb0,0x00000000c4a80000)
 Metaspace       used 67282K, committed 68416K, reserved 1114112K
  class space    used 6867K, committed 7360K, reserved 1048576K
GC Heap History (20 events):
Event: 46.766 GC heap before
{Heap before GC invocations=75 (full 4):
 PSYoungGen      total 16384K, used 15866K [0x00000000eab00000, 0x00000000ebc80000, 0x0000000100000000)
  eden space 14848K, 100% used [0x00000000eab00000,0x00000000eb980000,0x00000000eb980000)
  from space 1536K, 66% used [0x00000000eb980000,0x00000000eba7e920,0x00000000ebb00000)
  to   space 1536K, 0% used [0x00000000ebb00000,0x00000000ebb00000,0x00000000ebc80000)
 ParOldGen       total 71680K, used 63649K [0x00000000c0000000, 0x00000000c4600000, 0x00000000eab00000)
  object space 71680K, 88% used [0x00000000c0000000,0x00000000c3e28458,0x00000000c4600000)
 Metaspace       used 64163K, committed 65280K, reserved 1114112K
  class space    used 6563K, committed 7040K, reserved 1048576K
}
Event: 46.768 GC heap after
{Heap after GC invocations=75 (full 4):
 PSYoungGen      total 15872K, used 848K [0x00000000eab00000, 0x00000000ebc00000, 0x0000000100000000)
  eden space 14848K, 0% used [0x00000000eab00000,0x00000000eab00000,0x00000000eb980000)
  from space 1024K, 82% used [0x00000000ebb00000,0x00000000ebbd4010,0x00000000ebc00000)
  to   space 1024K, 0% used [0x00000000eba00000,0x00000000eba00000,0x00000000ebb00000)
 ParOldGen       total 71680K, used 64527K [0x00000000c0000000, 0x00000000c4600000, 0x00000000eab00000)
  object space 71680K, 90% used [0x00000000c0000000,0x00000000c3f03dc0,0x00000000c4600000)
 Metaspace       used 64163K, committed 65280K, reserved 1114112K
  class space    used 6563K, committed 7040K, reserved 1048576K
}
Event: 46.827 GC heap before
{Heap before GC invocations=76 (full 4):
 PSYoungGen      total 15872K, used 15696K [0x00000000eab00000, 0x00000000ebc00000, 0x0000000100000000)
  eden space 14848K, 100% used [0x00000000eab00000,0x00000000eb980000,0x00000000eb980000)
  from space 1024K, 82% used [0x00000000ebb00000,0x00000000ebbd4010,0x00000000ebc00000)
  to   space 1024K, 0% used [0x00000000eba00000,0x00000000eba00000,0x00000000ebb00000)
 ParOldGen       total 71680K, used 64527K [0x00000000c0000000, 0x00000000c4600000, 0x00000000eab00000)
  object space 71680K, 90% used [0x00000000c0000000,0x00000000c3f03dc0,0x00000000c4600000)
 Metaspace       used 64209K, committed 65280K, reserved 1114112K
  class space    used 6563K, committed 7040K, reserved 1048576K
}
Event: 46.829 GC heap after
{Heap after GC invocations=76 (full 4):
 PSYoungGen      total 15872K, used 1012K [0x00000000eab00000, 0x00000000ebd80000, 0x0000000100000000)
  eden space 14848K, 0% used [0x00000000eab00000,0x00000000eab00000,0x00000000eb980000)
  from space 1024K, 98% used [0x00000000eba00000,0x00000000ebafd1e0,0x00000000ebb00000)
  to   space 2048K, 0% used [0x00000000ebb80000,0x00000000ebb80000,0x00000000ebd80000)
 ParOldGen       total 71680K, used 65196K [0x00000000c0000000, 0x00000000c4600000, 0x00000000eab00000)
  object space 71680K, 90% used [0x00000000c0000000,0x00000000c3fab020,0x00000000c4600000)
 Metaspace       used 64209K, committed 65280K, reserved 1114112K
  class space    used 6563K, committed 7040K, reserved 1048576K
}
Event: 46.853 GC heap before
{Heap before GC invocations=77 (full 4):
 PSYoungGen      total 15872K, used 15860K [0x00000000eab00000, 0x00000000ebd80000, 0x0000000100000000)
  eden space 14848K, 100% used [0x00000000eab00000,0x00000000eb980000,0x00000000eb980000)
  from space 1024K, 98% used [0x00000000eba00000,0x00000000ebafd1e0,0x00000000ebb00000)
  to   space 2048K, 0% used [0x00000000ebb80000,0x00000000ebb80000,0x00000000ebd80000)
 ParOldGen       total 71680K, used 65196K [0x00000000c0000000, 0x00000000c4600000, 0x00000000eab00000)
  object space 71680K, 90% used [0x00000000c0000000,0x00000000c3fab020,0x00000000c4600000)
 Metaspace       used 64219K, committed 65344K, reserved 1114112K
  class space    used 6563K, committed 7040K, reserved 1048576K
}
Event: 46.854 GC heap after
{Heap after GC invocations=77 (full 4):
 PSYoungGen      total 15360K, used 496K [0x00000000eab00000, 0x00000000ebc00000, 0x0000000100000000)
  eden space 14848K, 0% used [0x00000000eab00000,0x00000000eab00000,0x00000000eb980000)
  from space 512K, 96% used [0x00000000ebb80000,0x00000000ebbfc010,0x00000000ebc00000)
  to   space 1024K, 0% used [0x00000000eba00000,0x00000000eba00000,0x00000000ebb00000)
 ParOldGen       total 71680K, used 66088K [0x00000000c0000000, 0x00000000c4600000, 0x00000000eab00000)
  object space 71680K, 92% used [0x00000000c0000000,0x00000000c408a210,0x00000000c4600000)
 Metaspace       used 64219K, committed 65344K, reserved 1114112K
  class space    used 6563K, committed 7040K, reserved 1048576K
}
Event: 47.010 GC heap before
{Heap before GC invocations=78 (full 4):
 PSYoungGen      total 15360K, used 15344K [0x00000000eab00000, 0x00000000ebc00000, 0x0000000100000000)
  eden space 14848K, 100% used [0x00000000eab00000,0x00000000eb980000,0x00000000eb980000)
  from space 512K, 96% used [0x00000000ebb80000,0x00000000ebbfc010,0x00000000ebc00000)
  to   space 1024K, 0% used [0x00000000eba00000,0x00000000eba00000,0x00000000ebb00000)
 ParOldGen       total 71680K, used 66088K [0x00000000c0000000, 0x00000000c4600000, 0x00000000eab00000)
  object space 71680K, 92% used [0x00000000c0000000,0x00000000c408a210,0x00000000c4600000)
 Metaspace       used 64305K, committed 65408K, reserved 1114112K
  class space    used 6563K, committed 7040K, reserved 1048576K
}
Event: 47.011 GC heap after
{Heap after GC invocations=78 (full 4):
 PSYoungGen      total 15872K, used 992K [0x00000000eab00000, 0x00000000ebc80000, 0x0000000100000000)
  eden space 14848K, 0% used [0x00000000eab00000,0x00000000eab00000,0x00000000eb980000)
  from space 1024K, 96% used [0x00000000eba00000,0x00000000ebaf8020,0x00000000ebb00000)
  to   space 1536K, 0% used [0x00000000ebb00000,0x00000000ebb00000,0x00000000ebc80000)
 ParOldGen       total 71680K, used 66448K [0x00000000c0000000, 0x00000000c4600000, 0x00000000eab00000)
  object space 71680K, 92% used [0x00000000c0000000,0x00000000c40e4250,0x00000000c4600000)
 Metaspace       used 64305K, committed 65408K, reserved 1114112K
  class space    used 6563K, committed 7040K, reserved 1048576K
}
Event: 47.382 GC heap before
{Heap before GC invocations=79 (full 4):
 PSYoungGen      total 15872K, used 15840K [0x00000000eab00000, 0x00000000ebc80000, 0x0000000100000000)
  eden space 14848K, 100% used [0x00000000eab00000,0x00000000eb980000,0x00000000eb980000)
  from space 1024K, 96% used [0x00000000eba00000,0x00000000ebaf8020,0x00000000ebb00000)
  to   space 1536K, 0% used [0x00000000ebb00000,0x00000000ebb00000,0x00000000ebc80000)
 ParOldGen       total 71680K, used 66448K [0x00000000c0000000, 0x00000000c4600000, 0x00000000eab00000)
  object space 71680K, 92% used [0x00000000c0000000,0x00000000c40e4250,0x00000000c4600000)
 Metaspace       used 65643K, committed 66688K, reserved 1114112K
  class space    used 6704K, committed 7168K, reserved 1048576K
}
Event: 47.383 GC heap after
{Heap after GC invocations=79 (full 4):
 PSYoungGen      total 16384K, used 1164K [0x00000000eab00000, 0x00000000ebc80000, 0x0000000100000000)
  eden space 14848K, 0% used [0x00000000eab00000,0x00000000eab00000,0x00000000eb980000)
  from space 1536K, 75% used [0x00000000ebb00000,0x00000000ebc23170,0x00000000ebc80000)
  to   space 1536K, 0% used [0x00000000eb980000,0x00000000eb980000,0x00000000ebb00000)
 ParOldGen       total 71680K, used 67225K [0x00000000c0000000, 0x00000000c4600000, 0x00000000eab00000)
  object space 71680K, 93% used [0x00000000c0000000,0x00000000c41a64e0,0x00000000c4600000)
 Metaspace       used 65643K, committed 66688K, reserved 1114112K
  class space    used 6704K, committed 7168K, reserved 1048576K
}
Event: 47.419 GC heap before
{Heap before GC invocations=80 (full 4):
 PSYoungGen      total 16384K, used 16012K [0x00000000eab00000, 0x00000000ebc80000, 0x0000000100000000)
  eden space 14848K, 100% used [0x00000000eab00000,0x00000000eb980000,0x00000000eb980000)
  from space 1536K, 75% used [0x00000000ebb00000,0x00000000ebc23170,0x00000000ebc80000)
  to   space 1536K, 0% used [0x00000000eb980000,0x00000000eb980000,0x00000000ebb00000)
 ParOldGen       total 71680K, used 67225K [0x00000000c0000000, 0x00000000c4600000, 0x00000000eab00000)
  object space 71680K, 93% used [0x00000000c0000000,0x00000000c41a64e0,0x00000000c4600000)
 Metaspace       used 65657K, committed 66752K, reserved 1114112K
  class space    used 6705K, committed 7168K, reserved 1048576K
}
Event: 47.421 GC heap after
{Heap after GC invocations=80 (full 4):
 PSYoungGen      total 15360K, used 480K [0x00000000eab00000, 0x00000000ebb80000, 0x0000000100000000)
  eden space 14848K, 0% used [0x00000000eab00000,0x00000000eab00000,0x00000000eb980000)
  from space 512K, 93% used [0x00000000eb980000,0x00000000eb9f8000,0x00000000eba00000)
  to   space 1024K, 0% used [0x00000000eba80000,0x00000000eba80000,0x00000000ebb80000)
 ParOldGen       total 71680K, used 68312K [0x00000000c0000000, 0x00000000c4600000, 0x00000000eab00000)
  object space 71680K, 95% used [0x00000000c0000000,0x00000000c42b6080,0x00000000c4600000)
 Metaspace       used 65657K, committed 66752K, reserved 1114112K
  class space    used 6705K, committed 7168K, reserved 1048576K
}
Event: 47.457 GC heap before
{Heap before GC invocations=81 (full 4):
 PSYoungGen      total 15360K, used 15328K [0x00000000eab00000, 0x00000000ebb80000, 0x0000000100000000)
  eden space 14848K, 100% used [0x00000000eab00000,0x00000000eb980000,0x00000000eb980000)
  from space 512K, 93% used [0x00000000eb980000,0x00000000eb9f8000,0x00000000eba00000)
  to   space 1024K, 0% used [0x00000000eba80000,0x00000000eba80000,0x00000000ebb80000)
 ParOldGen       total 71680K, used 68312K [0x00000000c0000000, 0x00000000c4600000, 0x00000000eab00000)
  object space 71680K, 95% used [0x00000000c0000000,0x00000000c42b6080,0x00000000c4600000)
 Metaspace       used 65670K, committed 66752K, reserved 1114112K
  class space    used 6705K, committed 7168K, reserved 1048576K
}
Event: 47.458 GC heap after
{Heap after GC invocations=81 (full 4):
 PSYoungGen      total 15872K, used 765K [0x00000000eab00000, 0x00000000ebb80000, 0x0000000100000000)
  eden space 14848K, 0% used [0x00000000eab00000,0x00000000eab00000,0x00000000eb980000)
  from space 1024K, 74% used [0x00000000eba80000,0x00000000ebb3f708,0x00000000ebb80000)
  to   space 1024K, 0% used [0x00000000eb980000,0x00000000eb980000,0x00000000eba80000)
 ParOldGen       total 71680K, used 68656K [0x00000000c0000000, 0x00000000c4600000, 0x00000000eab00000)
  object space 71680K, 95% used [0x00000000c0000000,0x00000000c430c0c0,0x00000000c4600000)
 Metaspace       used 65670K, committed 66752K, reserved 1114112K
  class space    used 6705K, committed 7168K, reserved 1048576K
}
Event: 48.017 GC heap before
{Heap before GC invocations=82 (full 4):
 PSYoungGen      total 15872K, used 15613K [0x00000000eab00000, 0x00000000ebb80000, 0x0000000100000000)
  eden space 14848K, 100% used [0x00000000eab00000,0x00000000eb980000,0x00000000eb980000)
  from space 1024K, 74% used [0x00000000eba80000,0x00000000ebb3f708,0x00000000ebb80000)
  to   space 1024K, 0% used [0x00000000eb980000,0x00000000eb980000,0x00000000eba80000)
 ParOldGen       total 71680K, used 68656K [0x00000000c0000000, 0x00000000c4600000, 0x00000000eab00000)
  object space 71680K, 95% used [0x00000000c0000000,0x00000000c430c0c0,0x00000000c4600000)
 Metaspace       used 67067K, committed 68224K, reserved 1114112K
  class space    used 6855K, committed 7360K, reserved 1048576K
}
Event: 48.020 GC heap after
{Heap after GC invocations=82 (full 4):
 PSYoungGen      total 15872K, used 836K [0x00000000eab00000, 0x00000000ebb80000, 0x0000000100000000)
  eden space 14848K, 0% used [0x00000000eab00000,0x00000000eab00000,0x00000000eb980000)
  from space 1024K, 81% used [0x00000000eb980000,0x00000000eba51010,0x00000000eba80000)
  to   space 1024K, 0% used [0x00000000eba80000,0x00000000eba80000,0x00000000ebb80000)
 ParOldGen       total 71680K, used 69120K [0x00000000c0000000, 0x00000000c4600000, 0x00000000eab00000)
  object space 71680K, 96% used [0x00000000c0000000,0x00000000c4380100,0x00000000c4600000)
 Metaspace       used 67067K, committed 68224K, reserved 1114112K
  class space    used 6855K, committed 7360K, reserved 1048576K
}
Event: 48.263 GC heap before
{Heap before GC invocations=83 (full 4):
 PSYoungGen      total 15872K, used 15684K [0x00000000eab00000, 0x00000000ebb80000, 0x0000000100000000)
  eden space 14848K, 100% used [0x00000000eab00000,0x00000000eb980000,0x00000000eb980000)
  from space 1024K, 81% used [0x00000000eb980000,0x00000000eba51010,0x00000000eba80000)
  to   space 1024K, 0% used [0x00000000eba80000,0x00000000eba80000,0x00000000ebb80000)
 ParOldGen       total 71680K, used 69120K [0x00000000c0000000, 0x00000000c4600000, 0x00000000eab00000)
  object space 71680K, 96% used [0x00000000c0000000,0x00000000c4380100,0x00000000c4600000)
 Metaspace       used 67198K, committed 68352K, reserved 1114112K
  class space    used 6864K, committed 7360K, reserved 1048576K
}
Event: 48.265 GC heap after
{Heap after GC invocations=83 (full 4):
 PSYoungGen      total 15872K, used 576K [0x00000000eab00000, 0x00000000ebb80000, 0x0000000100000000)
  eden space 14848K, 0% used [0x00000000eab00000,0x00000000eab00000,0x00000000eb980000)
  from space 1024K, 56% used [0x00000000eba80000,0x00000000ebb10000,0x00000000ebb80000)
  to   space 1024K, 0% used [0x00000000eb980000,0x00000000eb980000,0x00000000eba80000)
 ParOldGen       total 71680K, used 69831K [0x00000000c0000000, 0x00000000c4600000, 0x00000000eab00000)
  object space 71680K, 97% used [0x00000000c0000000,0x00000000c4431f28,0x00000000c4600000)
 Metaspace       used 67198K, committed 68352K, reserved 1114112K
  class space    used 6864K, committed 7360K, reserved 1048576K
}
Event: 48.308 GC heap before
{Heap before GC invocations=84 (full 4):
 PSYoungGen      total 15872K, used 15424K [0x00000000eab00000, 0x00000000ebb80000, 0x0000000100000000)
  eden space 14848K, 100% used [0x00000000eab00000,0x00000000eb980000,0x00000000eb980000)
  from space 1024K, 56% used [0x00000000eba80000,0x00000000ebb10000,0x00000000ebb80000)
  to   space 1024K, 0% used [0x00000000eb980000,0x00000000eb980000,0x00000000eba80000)
 ParOldGen       total 71680K, used 69831K [0x00000000c0000000, 0x00000000c4600000, 0x00000000eab00000)
  object space 71680K, 97% used [0x00000000c0000000,0x00000000c4431f28,0x00000000c4600000)
 Metaspace       used 67199K, committed 68352K, reserved 1114112K
  class space    used 6864K, committed 7360K, reserved 1048576K
}
Event: 48.311 GC heap after
{Heap after GC invocations=84 (full 4):
 PSYoungGen      total 15872K, used 544K [0x00000000eab00000, 0x00000000ebb80000, 0x0000000100000000)
  eden space 14848K, 0% used [0x00000000eab00000,0x00000000eab00000,0x00000000eb980000)
  from space 1024K, 53% used [0x00000000eb980000,0x00000000eba08000,0x00000000eba80000)
  to   space 1024K, 0% used [0x00000000eba80000,0x00000000eba80000,0x00000000ebb80000)
 ParOldGen       total 71680K, used 70207K [0x00000000c0000000, 0x00000000c4600000, 0x00000000eab00000)
  object space 71680K, 97% used [0x00000000c0000000,0x00000000c448ff48,0x00000000c4600000)
 Metaspace       used 67199K, committed 68352K, reserved 1114112K
  class space    used 6864K, committed 7360K, reserved 1048576K
}

